02 Oct 08:11:57 CONFIG [geoserver.logging] - Log4j 2 configuration set to DEFAULT_LOGGING.xml
02 Oct 08:11:58 CONFIG [org.geoserver] - GeoServer configuration lock is enabled
02 Oct 08:11:58 CONFIG [org.geoserver] - Loading catalog /opt/geoserver_data
02 Oct 08:11:58 CONFIG [org.geoserver] - Loaded style 'poi'
02 Oct 08:11:58 CONFIG [org.geoserver] - Loaded style 'simple_roads'
02 Oct 08:11:58 CONFIG [org.geoserver] - Loaded style 'cite_lakes'
02 Oct 08:11:58 CONFIG [org.geoserver] - Loaded style 'grass'
02 Oct 08:11:58 CONFIG [org.geoserver] - Loaded style 'restricted'
02 Oct 08:11:58 CONFIG [org.geoserver] - Loaded style 'line'
02 Oct 08:11:58 CONFIG [org.geoserver] - Loaded style 'burg'
02 Oct 08:11:58 CONFIG [org.geoserver] - Loaded style 'poly_landmarks'
02 Oct 08:11:58 CONFIG [org.geoserver] - Loaded style 'point'
02 Oct 08:11:58 CONFIG [org.geoserver] - Loaded style 'capitals'
02 Oct 08:11:58 CONFIG [org.geoserver] - Loaded style 'green'
02 Oct 08:11:58 CONFIG [org.geoserver] - Loaded style 'simple_streams'
02 Oct 08:11:58 CONFIG [org.geoserver] - Loaded style 'population'
02 Oct 08:11:58 CONFIG [org.geoserver] - Loaded style 'dem'
02 Oct 08:11:58 CONFIG [org.geoserver] - Loaded style 'rain'
02 Oct 08:11:58 CONFIG [org.geoserver] - Loaded style 'polygon'
02 Oct 08:11:58 CONFIG [org.geoserver] - Loaded style 'pophatch'
02 Oct 08:11:58 CONFIG [org.geoserver] - Loaded style 'tiger_roads'
02 Oct 08:11:58 CONFIG [org.geoserver] - Loaded style 'generic'
02 Oct 08:11:58 CONFIG [org.geoserver] - Loaded style 'giant_polygon'
02 Oct 08:11:58 CONFIG [org.geoserver] - Loaded style 'raster'
02 Oct 08:11:58 CONFIG [org.geoserver] - Loaded default workspace 'ne'
02 Oct 08:11:58 CONFIG [org.geoserver] - Loaded workspace 'tiger'
02 Oct 08:11:58 CONFIG [org.geoserver] - Loaded workspace 'topp'
02 Oct 08:11:58 CONFIG [org.geoserver] - Loaded workspace 'nurc'
02 Oct 08:11:58 CONFIG [org.geoserver] - Loaded workspace 'sde'
02 Oct 08:11:58 CONFIG [org.geoserver] - Loaded workspace 'ne'
02 Oct 08:11:58 CONFIG [org.geoserver] - Loaded style 'countries'
02 Oct 08:11:58 CONFIG [org.geoserver] - Loaded style 'countries_mapcolor9'
02 Oct 08:11:58 CONFIG [org.geoserver] - Loaded style 'coastline'
02 Oct 08:11:58 CONFIG [org.geoserver] - Loaded style 'boundary_lines'
02 Oct 08:11:58 CONFIG [org.geoserver] - Loaded style 'disputed'
02 Oct 08:11:58 CONFIG [org.geoserver] - Loaded style 'populated_places'
02 Oct 08:11:58 CONFIG [org.geoserver] - Loaded workspace 'sf'
02 Oct 08:11:58 CONFIG [org.geoserver] - Loaded workspace 'it.geosolutions'
02 Oct 08:11:58 CONFIG [org.geoserver] - Loaded workspace 'cite'
02 Oct 08:11:58 CONFIG [org.geoserver] - Loaded coverage store 'arcGridSample', enabled
02 Oct 08:11:59 CONFIG [org.geoserver] - Loaded coverage 'Arc_Sample', enabled
02 Oct 08:11:59 CONFIG [org.geoserver] - Loaded layer 'Arc_Sample'
02 Oct 08:11:59 CONFIG [org.geoserver] - Loaded coverage store 'img_sample2', enabled
02 Oct 08:11:59 CONFIG [org.geoserver] - Loaded coverage 'Pk50095', enabled
02 Oct 08:11:59 CONFIG [org.geoserver] - Loaded layer 'Pk50095'
02 Oct 08:11:59 CONFIG [org.geoserver] - Loaded coverage store 'mosaic', enabled
02 Oct 08:11:59 CONFIG [org.geoserver] - Loaded coverage 'mosaic', enabled
02 Oct 08:11:59 CONFIG [org.geoserver] - Loaded layer 'mosaic'
02 Oct 08:11:59 CONFIG [org.geoserver] - Loaded coverage store 'worldImageSample', enabled
02 Oct 08:11:59 CONFIG [org.geoserver] - Loaded coverage 'Img_Sample', enabled
02 Oct 08:11:59 CONFIG [org.geoserver] - Loaded layer 'Img_Sample'
02 Oct 08:11:59 CONFIG [org.geoserver] - Loaded data store 'nyc', enabled
02 Oct 08:11:59 CONFIG [org.geoserver] - Loaded feature type 'poi', enabled
02 Oct 08:11:59 CONFIG [org.geoserver] - Loaded layer 'poi'
02 Oct 08:11:59 CONFIG [org.geoserver] - Loaded feature type 'tiger_roads', enabled
02 Oct 08:11:59 CONFIG [org.geoserver] - Loaded layer 'tiger_roads'
02 Oct 08:11:59 CONFIG [org.geoserver] - Loaded feature type 'giant_polygon', enabled
02 Oct 08:11:59 CONFIG [org.geoserver] - Loaded layer 'giant_polygon'
02 Oct 08:11:59 CONFIG [org.geoserver] - Loaded feature type 'poly_landmarks', enabled
02 Oct 08:11:59 CONFIG [org.geoserver] - Loaded layer 'poly_landmarks'
02 Oct 08:11:59 CONFIG [org.geoserver] - Loaded data store 'taz_shapes', enabled
02 Oct 08:11:59 CONFIG [org.geoserver] - Loaded feature type 'tasmania_state_boundaries', enabled
02 Oct 08:11:59 CONFIG [org.geoserver] - Loaded layer 'tasmania_state_boundaries'
02 Oct 08:11:59 CONFIG [org.geoserver] - Loaded feature type 'tasmania_cities', enabled
02 Oct 08:11:59 CONFIG [org.geoserver] - Loaded layer 'tasmania_cities'
02 Oct 08:11:59 CONFIG [org.geoserver] - Loaded feature type 'tasmania_roads', enabled
02 Oct 08:11:59 CONFIG [org.geoserver] - Loaded layer 'tasmania_roads'
02 Oct 08:11:59 CONFIG [org.geoserver] - Loaded feature type 'tasmania_water_bodies', enabled
02 Oct 08:11:59 CONFIG [org.geoserver] - Loaded layer 'tasmania_water_bodies'
02 Oct 08:11:59 CONFIG [org.geoserver] - Loaded data store 'states_shapefile', enabled
02 Oct 08:11:59 CONFIG [org.geoserver] - Loaded feature type 'states', enabled
02 Oct 08:11:59 CONFIG [org.geoserver] - Loaded layer 'states'
02 Oct 08:11:59 CONFIG [org.geoserver] - Loaded coverage store 'sfdem', enabled
02 Oct 08:11:59 CONFIG [org.geoserver] - Loaded coverage 'sfdem', enabled
02 Oct 08:11:59 CONFIG [org.geoserver] - Loaded layer 'sfdem'
02 Oct 08:11:59 CONFIG [org.geoserver] - Loaded data store 'sf', enabled
02 Oct 08:11:59 CONFIG [org.geoserver] - Loaded feature type 'streams', enabled
02 Oct 08:11:59 CONFIG [org.geoserver] - Loaded layer 'streams'
02 Oct 08:11:59 CONFIG [org.geoserver] - Loaded feature type 'archsites', enabled
02 Oct 08:11:59 CONFIG [org.geoserver] - Loaded layer 'archsites'
02 Oct 08:11:59 CONFIG [org.geoserver] - Loaded feature type 'roads', enabled
02 Oct 08:11:59 CONFIG [org.geoserver] - Loaded layer 'roads'
02 Oct 08:11:59 CONFIG [org.geoserver] - Loaded feature type 'bugsites', enabled
02 Oct 08:11:59 CONFIG [org.geoserver] - Loaded layer 'bugsites'
02 Oct 08:11:59 CONFIG [org.geoserver] - Loaded feature type 'restricted', enabled
02 Oct 08:11:59 CONFIG [org.geoserver] - Loaded layer 'restricted'
02 Oct 08:11:59 CONFIG [org.geoserver] - Loaded data store 'NaturalEarth', enabled
02 Oct 08:11:59 CONFIG [org.geoserver] - Loaded feature type 'countries', enabled
02 Oct 08:11:59 CONFIG [org.geoserver] - Loaded layer 'countries'
02 Oct 08:11:59 CONFIG [org.geoserver] - Loaded feature type 'populated_places', enabled
02 Oct 08:11:59 CONFIG [org.geoserver] - Loaded layer 'populated_places'
02 Oct 08:11:59 CONFIG [org.geoserver] - Loaded feature type 'boundary_lines', enabled
02 Oct 08:11:59 CONFIG [org.geoserver] - Loaded layer 'boundary_lines'
02 Oct 08:11:59 CONFIG [org.geoserver] - Loaded feature type 'disputed_areas', enabled
02 Oct 08:11:59 CONFIG [org.geoserver] - Loaded layer 'disputed_areas'
02 Oct 08:11:59 CONFIG [org.geoserver] - Loaded feature type 'coastlines', enabled
02 Oct 08:11:59 CONFIG [org.geoserver] - Loaded layer 'coastlines'
02 Oct 08:11:59 CONFIG [org.geoserver] - Loaded layer group 'world'
02 Oct 08:11:59 CONFIG [org.geoserver] - Loaded layer group 'spearfish'
02 Oct 08:11:59 CONFIG [org.geoserver] - Loaded layer group 'tiger-ny'
02 Oct 08:11:59 CONFIG [org.geoserver] - Loaded layer group 'tasmania'
02 Oct 08:11:59 CONFIG [org.geoserver] - Read catalog in 731.5 ms
02 Oct 08:11:59 CONFIG [org.geoserver] - Loaded service 'wcs', enabled
02 Oct 08:11:59 CONFIG [org.geoserver] - Loaded service 'wfs', enabled
02 Oct 08:11:59 CONFIG [org.geoserver] - Loaded service 'wms', enabled
02 Oct 08:11:59 CONFIG [org.geoserver] - Loaded service 'WMTSInfoImpl--3ef31051:182c1e8b194:-8000', enabled
02 Oct 08:11:59 CONFIG [org.geoserver] - Loaded service 'WCSInfoImpl-1c443fee:182c0f3f209:-7f96', enabled
02 Oct 08:11:59 CONFIG [org.geoserver] - Loaded service 'WFSInfoImpl-1c443fee:182c0f3f209:-7f97', enabled
02 Oct 08:11:59 CONFIG [org.geoserver] - Loaded service 'WMSInfoImpl-1c443fee:182c0f3f209:-7f99', enabled
02 Oct 08:11:59 CONFIG [org.geoserver] - Loaded service 'WMTSInfoImpl-1c443fee:182c0f3f209:-7f98', enabled
02 Oct 08:11:59 CONFIG [gwc.config] - Will look for 'geowebcache.xml' in directory '/opt/geoserver_data/gwc'.
02 Oct 08:11:59 CONFIG [gwc.config] - Create configuration file 'gwc/geowebcache.xml' from template jar:file:/opt/apache-tomcat-9.0.74/webapps/geoserver/WEB-INF/lib/gwc-core-1.23.0.jar!/geowebcache_empty.xml
02 Oct 08:11:59 WARN   [config.XMLConfiguration] - GWC configuration validation error: cvc-elt.1.a: Cannot find the declaration of element 'gwcConfiguration'.
02 Oct 08:11:59 WARN   [config.XMLConfiguration] - Will try to use configuration anyway. Please check the order of declared elements against the schema.
02 Oct 08:11:59 CONFIG [config.XMLConfiguration] - Initializing GridSets from gwc
02 Oct 08:11:59 CONFIG [config.XMLConfiguration] - Initializing layers from gwc
02 Oct 08:11:59 CONFIG [gwc.layer] - Initializing GWC configuration based on GeoServer's Catalog
02 Oct 08:11:59 CONFIG [gwc.layer] - GeoServer TileLayer store base directory is: gwc-layers
02 Oct 08:11:59 CONFIG [gwc.layer] - Loading tile layers from gwc-layers
02 Oct 08:11:59 CONFIG [gwc.layer] - Loaded 0 tile layers in 674.9 μs
02 Oct 08:11:59 CONFIG [storage.BlobStoreAggregator] - BlobStoreConfiguration gwc contained no blob store infos.
02 Oct 08:11:59 CONFIG [storage.DefaultStorageFinder] - Found system environment variableGEOSERVER_DATA_DIR set to /opt/geoserver_data/, using it as the default prefix.
02 Oct 08:11:59 CONFIG [gwc.config] - Initializing GeoServer specific GWC configuration from gwc-gs.xml
02 Oct 08:12:00 WARN   [gce.imagemosaic] - Unable to set ordering between tiff readers spi
02 Oct 08:12:00 CONFIG [gwc.config] - Will look for 'geowebcache-diskquota.xml' in directory '/opt/geoserver_data/gwc'.
02 Oct 08:12:00 CONFIG [gwc.config] - Will look for 'geowebcache-diskquota-jdbc.xml' in directory '/opt/geoserver_data/gwc'.
02 Oct 08:12:00 CONFIG [diskquota.ConfigLoader] - DiskQuota configuration is not readable: gwc/geowebcache-diskquota.xml
02 Oct 08:12:00 CONFIG [diskquota.ConfigLoader] - DiskQuota configuration is not readable: gwc/geowebcache-diskquota.xml
02 Oct 08:12:00 CONFIG [diskquota.DiskQuotaMonitor] - Setting up disk quota periodic enforcement task
02 Oct 08:12:00 CONFIG [diskquota.DiskQuotaMonitor] - 0 layers configured with their own quotas. 
02 Oct 08:12:00 CONFIG [diskquota.DiskQuotaMonitor] - 28 layers attached to global quota 500.0 MB
02 Oct 08:12:00 CONFIG [diskquota.DiskQuotaMonitor] - Disk quota periodic enforcement task set up every 10 SECONDS
02 Oct 08:12:01 CONFIG [geowebcache.GeoWebCacheDispatcher] - Invoked setServletPrefix(gwc)
02 Oct 08:12:01 CONFIG [wms.WMSService] - Will NOT recombine tiles for non-tiling clients.
02 Oct 08:12:01 CONFIG [wms.WMSService] - Will proxy requests to backend that are not getmap or getcapabilities.
02 Oct 08:12:01 CONFIG [geoserver.security] - AuthenticationCache Initialized with 1000 Max Entries, 300 seconds idle time, 600 seconds time to live and 3 concurrency level
02 Oct 08:12:01 CONFIG [geoserver.security] - AuthenticationCache Eviction Task created to run every 600 seconds
02 Oct 08:12:01 CONFIG [geoserver.security] - Start reloading user/groups for service named default
02 Oct 08:12:01 CONFIG [geoserver.security] - Reloading user/groups successful for service named default
02 Oct 08:12:04 CONFIG [platform.resource] - Notifying ENTRY_CREATE change on /opt/geoserver_data/gwc-layers. Created: 28, removed: 0, modified: 0
02 Oct 08:12:27 INFO   [geoserver.security] - Strong cryptography is available
02 Oct 08:13:43 WARN   [form.AjaxSubmitLink] - unexpected invocation of #onSubmit() on [AjaxSubmitLink [Component id = save]]
02 Oct 08:13:43 WARN   [form.AjaxSubmitLink] - unexpected invocation of #onAfterSubmit() on [AjaxSubmitLink [Component id = save]]
02 Oct 08:14:53 INFO   [catalog.impl] - Layer ne:leisure is missing the default style, assigning one automatically
02 Oct 08:14:53 INFO   [geoserver.gwc] - Saving GeoSeverTileLayer ne:leisure
02 Oct 08:14:54 CONFIG [platform.resource] - Notifying ENTRY_MODIFY change on /opt/geoserver_data/gwc-layers. Created: 1, removed: 0, modified: 0
02 Oct 08:15:22 INFO   [geoserver.gwc] - Saving GeoSeverTileLayer ne:leisure
02 Oct 08:15:24 CONFIG [platform.resource] - Notifying ENTRY_MODIFY change on /opt/geoserver_data/gwc-layers. Created: 0, removed: 0, modified: 1
02 Oct 08:15:58 INFO   [geoserver.wms] - 
Request: getServiceInfo
02 Oct 08:15:58 INFO   [geoserver.wms] - 
Request: getMap
	Angle = 0.0
	BaseUrl = http://geder.reindeer-neon.ts.net:1234/geoserver/
	Bbox = SRSEnvelope[-1573219.8685482296 : 840263.1217700964, 6370769.291401336 : 8920831.734233955]
	BgColor = java.awt.Color[r=255,g=255,b=255]
	Buffer = 0
	Clip = null
	CQLFilter = null
	Crs = PROJCS["WGS 84 / Pseudo-Mercator", 
  GEOGCS["WGS 84", 
    DATUM["World Geodetic System 1984", 
      SPHEROID["WGS 84", 6378137.0, 298.257223563, AUTHORITY["EPSG","7030"]], 
      AUTHORITY["EPSG","6326"]], 
    PRIMEM["Greenwich", 0.0, AUTHORITY["EPSG","8901"]], 
    UNIT["degree", 0.017453292519943295], 
    AXIS["Geodetic longitude", EAST], 
    AXIS["Geodetic latitude", NORTH], 
    AUTHORITY["EPSG","4326"]], 
  PROJECTION["Popular Visualisation Pseudo Mercator", AUTHORITY["EPSG","1024"]], 
  PARAMETER["semi_minor", 6378137.0], 
  PARAMETER["latitude_of_origin", 0.0], 
  PARAMETER["central_meridian", 0.0], 
  PARAMETER["scale_factor", 1.0], 
  PARAMETER["false_easting", 0.0], 
  PARAMETER["false_northing", 0.0], 
  UNIT["m", 1.0], 
  AXIS["Easting", EAST], 
  AXIS["Northing", NORTH], 
  AUTHORITY["EPSG","3857"]]
	Elevation = []
	Env = {}
	Exceptions = SE_XML
	FeatureId = null
	FeatureVersion = null
	Filter = null
	Format = application/openlayers
	FormatOptions = {}
	Get = true
	Height = 768
	Interpolations = []
	Layers = [org.geoserver.wms.MapLayerInfo@5e4c38a4]
	MaxFeatures = null
	Palette = null
	RawKvp = {REQUEST=GetMap, SRS=EPSG:3857, FORMAT=application/openlayers, BBOX=-1573219.8685482296,6370769.291401336,840263.1217700964,8920831.734233955, VERSION=1.1.0, STYLES=, SERVICE=WMS, WIDTH=726, HEIGHT=768, LAYERS=ne:leisure}
	RemoteOwsType = null
	RemoteOwsURL = null
	Request = GetMap
	RequestCharset = UTF-8
	ScaleMethod = null
	Sld = null
	SldBody = null
	SldVersion = null
	SortBy = null
	SortByArrays = null
	SRS = EPSG:3857
	StartIndex = null
	StyleBody = null
	StyleFormat = sld
	Styles = [StyleImpl[ name=raster]]
	StyleUrl = null
	StyleVersion = null
	Tiled = false
	TilesOrigin = null
	Time = []
	Transparent = false
	ValidateSchema = false
	Version = 1.1.0
	ViewParams = null
	Width = 726
02 Oct 08:15:58 INFO   [geoserver.wms] - 
Request: getServiceInfo
02 Oct 08:16:07 INFO   [geoserver.wms] - 
Request: getMap
	Angle = 0.0
	BaseUrl = http://geder.reindeer-neon.ts.net:1234/geoserver/
	Bbox = SRSEnvelope[-2140284.152491275 : 1407310.1276654962, 5770948.822128302 : 9523775.829236291]
	BgColor = java.awt.Color[r=255,g=255,b=255]
	Buffer = 0
	Clip = null
	CQLFilter = null
	Crs = PROJCS["WGS 84 / Pseudo-Mercator", 
  GEOGCS["WGS 84", 
    DATUM["World Geodetic System 1984", 
      SPHEROID["WGS 84", 6378137.0, 298.257223563, AUTHORITY["EPSG","7030"]], 
      AUTHORITY["EPSG","6326"]], 
    PRIMEM["Greenwich", 0.0, AUTHORITY["EPSG","8901"]], 
    UNIT["degree", 0.017453292519943295], 
    AXIS["Geodetic longitude", EAST], 
    AXIS["Geodetic latitude", NORTH], 
    AUTHORITY["EPSG","4326"]], 
  PROJECTION["Popular Visualisation Pseudo Mercator", AUTHORITY["EPSG","1024"]], 
  PARAMETER["semi_minor", 6378137.0], 
  PARAMETER["latitude_of_origin", 0.0], 
  PARAMETER["central_meridian", 0.0], 
  PARAMETER["scale_factor", 1.0], 
  PARAMETER["false_easting", 0.0], 
  PARAMETER["false_northing", 0.0], 
  UNIT["m", 1.0], 
  AXIS["Easting", EAST], 
  AXIS["Northing", NORTH], 
  AUTHORITY["EPSG","3857"]]
	Elevation = []
	Env = {}
	Exceptions = application/vnd.ogc.se_inimage
	FeatureId = null
	FeatureVersion = null
	Filter = null
	Format = image/png
	FormatOptions = {}
	Get = true
	Height = 768
	Interpolations = []
	Layers = [org.geoserver.wms.MapLayerInfo@5e4c38a4]
	MaxFeatures = null
	Palette = null
	RawKvp = {EXCEPTIONS=application/vnd.ogc.se_inimage, REQUEST=GetMap, FORMAT=image/png, SRS=EPSG:3857, BBOX=-2140284.152491275,5770948.822128302,1407310.1276654962,9523775.829236291, VERSION=1.1.1, STYLES=, SERVICE=WMS, WIDTH=726, HEIGHT=768, TRANSPARENT=true, LAYERS=ne:leisure}
	RemoteOwsType = null
	RemoteOwsURL = null
	Request = GetMap
	RequestCharset = UTF-8
	ScaleMethod = null
	Sld = null
	SldBody = null
	SldVersion = null
	SortBy = null
	SortByArrays = null
	SRS = EPSG:3857
	StartIndex = null
	StyleBody = null
	StyleFormat = sld
	Styles = [StyleImpl[ name=raster]]
	StyleUrl = null
	StyleVersion = null
	Tiled = false
	TilesOrigin = null
	Time = []
	Transparent = true
	ValidateSchema = false
	Version = 1.1.1
	ViewParams = null
	Width = 726
02 Oct 08:17:41 WARN   [servlet.PageNotFound] - No mapping for GET /geoserver/plantopo/wms
02 Oct 08:18:42 WARN   [support.DisposableBeanAdapter] - Custom destroy method 'destroy' on bean with name 'gwcMemoryBlobStore' threw an exception: java.util.concurrent.RejectedExecutionException: Task java.util.concurrent.FutureTask@6cdfca7f[Not completed, task = org.geowebcache.storage.blobstore.memory.MemoryBlobStore$BlobStoreTask@6c9ee89] rejected from java.util.concurrent.ThreadPoolExecutor@4b78fbfe[Terminated, pool size = 0, active threads = 0, queued tasks = 0, completed tasks = 1]
02 Oct 08:27:29 WARN   [security.impl] - Namespace/Workspace ne is unknown in rule ne.leisure.r=ROLE_AUTHENTICATED,GROUP_ADMIN,ADMIN,ROLE_ANONYMOUS
02 Oct 08:27:29 WARN   [security.impl] - Namespace/Workspace ne is unknown in rule ne.leisure.w=ADMIN
02 Oct 08:27:30 WARN   [gce.imagemosaic] - Unable to set ordering between tiff readers spi
